<?xml version="1.0" encoding="UTF-8"?>
<!--
  ~ +---------------------------------------------------------------------+
  ~ | This file is part of chem-inventory.                                |
  ~ |                                                                     |
  ~ | Copyright (c) 2020 Sandor Semsey                                    |
  ~ | All rights reserved.                                                |
  ~ |                                                                     |
  ~ | This work is published under the MIT License.                       |
  ~ | https://choosealicense.com/licenses/mit/                            |
  ~ |                                                                     |
  ~ | It's a free software;)                                              |
  ~ |                                                                     |
  ~ | THE SOFTWARE IS PROVIDED "AS IS", WITHOUT WARRANTY OF ANY KIND,     |
  ~ | EXPRESS OR IMPLIED, INCLUDING BUT NOT LIMITED TO THE WARRANTIES     |
  ~ | OF MERCHANTABILITY, FITNESS FOR A PARTICULAR PURPOSE AND            |
  ~ | NONINFRINGEMENT. IN NO EVENT SHALL THE AUTHORS OR COPYRIGHT HOLDERS |
  ~ | BE LIABLE FOR ANY CLAIM, DAMAGES OR OTHER LIABILITY, WHETHER IN AN  |
  ~ | ACTION OF CONTRACT, TORT OR OTHERWISE, ARISING FROM, OUT OF OR IN   |
  ~ | CONNECTION WITH THE SOFTWARE OR THE USE OR OTHER DEALINGS IN THE    |
  ~ | SOFTWARE.                                                           |
  ~ +---------------------------------------------------------------------+
  -->

<coverage generated="%i">
  <project timestamp="%i" name="BankAccount">
    <file name="%s%eBankAccount.php">
      <class name="BankAccount" namespace="global">
        <metrics complexity="5" methods="4" coveredmethods="3" conditionals="0" coveredconditionals="0" statements="10" coveredstatements="5" elements="14" coveredelements="8"/>
      </class>
      <line num="6" type="method" name="getBalance" visibility="public" complexity="1" crap="1" count="2"/>
      <line num="8" type="stmt" count="2"/>
      <line num="11" type="method" name="setBalance" visibility="protected" complexity="2" crap="6" count="0"/>
      <line num="13" type="stmt" count="0"/>
      <line num="14" type="stmt" count="0"/>
      <line num="15" type="stmt" count="0"/>
      <line num="16" type="stmt" count="0"/>
      <line num="18" type="stmt" count="0"/>
      <line num="20" type="method" name="depositMoney" visibility="public" complexity="1" crap="1" count="2"/>
      <line num="22" type="stmt" count="2"/>
      <line num="24" type="stmt" count="1"/>
      <line num="27" type="method" name="withdrawMoney" visibility="public" complexity="1" crap="1" count="2"/>
      <line num="29" type="stmt" count="2"/>
      <line num="31" type="stmt" count="1"/>
      <metrics loc="33" ncloc="33" classes="1" methods="4" coveredmethods="3" conditionals="0" coveredconditionals="0" statements="10" coveredstatements="5" elements="14" coveredelements="8"/>
    </file>
    <metrics files="1" loc="33" ncloc="33" classes="1" methods="4" coveredmethods="3" conditionals="0" coveredconditionals="0" statements="10" coveredstatements="5" elements="14" coveredelements="8"/>
  </project>
</coverage>
