<?xml version="1.0" encoding="UTF-8"?>
<!--
  ~ +---------------------------------------------------------------------+
  ~ | This file is part of chem-inventory.                                |
  ~ |                                                                     |
  ~ | Copyright (c) 2020 Sandor Semsey                                    |
  ~ | All rights reserved.                                                |
  ~ |                                                                     |
  ~ | This work is published under the MIT License.                       |
  ~ | https://choosealicense.com/licenses/mit/                            |
  ~ |                                                                     |
  ~ | It's a free software;)                                              |
  ~ |                                                                     |
  ~ | THE SOFTWARE IS PROVIDED "AS IS", WITHOUT WARRANTY OF ANY KIND,     |
  ~ | EXPRESS OR IMPLIED, INCLUDING BUT NOT LIMITED TO THE WARRANTIES     |
  ~ | OF MERCHANTABILITY, FITNESS FOR A PARTICULAR PURPOSE AND            |
  ~ | NONINFRINGEMENT. IN NO EVENT SHALL THE AUTHORS OR COPYRIGHT HOLDERS |
  ~ | BE LIABLE FOR ANY CLAIM, DAMAGES OR OTHER LIABILITY, WHETHER IN AN  |
  ~ | ACTION OF CONTRACT, TORT OR OTHERWISE, ARISING FROM, OUT OF OR IN   |
  ~ | CONNECTION WITH THE SOFTWARE OR THE USE OR OTHER DEALINGS IN THE    |
  ~ | SOFTWARE.                                                           |
  ~ +---------------------------------------------------------------------+
  -->

<coverage generated="%i">
  <project timestamp="%i">
    <file name="%s%esource_with_class_and_anonymous_function.php">
      <class name="CoveredClassWithAnonymousFunctionInStaticMethod" namespace="global">
        <metrics complexity="1" methods="1" coveredmethods="0" conditionals="0" coveredconditionals="0" statements="8" coveredstatements="7" elements="9" coveredelements="7"/>
      </class>
      <line num="5" type="method" name="runAnonymous" visibility="public" complexity="1" crap="1.00" count="1"/>
      <line num="7" type="stmt" count="1"/>
      <line num="9" type="stmt" count="1"/>
      <line num="10" type="stmt" count="0"/>
      <line num="12" type="stmt" count="1"/>
      <line num="13" type="stmt" count="1"/>
      <line num="14" type="stmt" count="1"/>
      <line num="17" type="stmt" count="1"/>
      <line num="18" type="stmt" count="1"/>
      <metrics loc="19" ncloc="17" classes="1" methods="1" coveredmethods="0" conditionals="0" coveredconditionals="0" statements="8" coveredstatements="7" elements="9" coveredelements="7"/>
    </file>
    <metrics files="1" loc="19" ncloc="17" classes="1" methods="1" coveredmethods="0" conditionals="0" coveredconditionals="0" statements="8" coveredstatements="7" elements="9" coveredelements="7"/>
  </project>
</coverage>
