<?xml version="1.0" encoding="UTF-8"?>
<!--
  ~ +---------------------------------------------------------------------+
  ~ | This file is part of chem-inventory.                                |
  ~ |                                                                     |
  ~ | Copyright (c) 2020 Sandor Semsey                                    |
  ~ | All rights reserved.                                                |
  ~ |                                                                     |
  ~ | This work is published under the MIT License.                       |
  ~ | https://choosealicense.com/licenses/mit/                            |
  ~ |                                                                     |
  ~ | It's a free software;)                                              |
  ~ |                                                                     |
  ~ | THE SOFTWARE IS PROVIDED "AS IS", WITHOUT WARRANTY OF ANY KIND,     |
  ~ | EXPRESS OR IMPLIED, INCLUDING BUT NOT LIMITED TO THE WARRANTIES     |
  ~ | OF MERCHANTABILITY, FITNESS FOR A PARTICULAR PURPOSE AND            |
  ~ | NONINFRINGEMENT. IN NO EVENT SHALL THE AUTHORS OR COPYRIGHT HOLDERS |
  ~ | BE LIABLE FOR ANY CLAIM, DAMAGES OR OTHER LIABILITY, WHETHER IN AN  |
  ~ | ACTION OF CONTRACT, TORT OR OTHERWISE, ARISING FROM, OUT OF OR IN   |
  ~ | CONNECTION WITH THE SOFTWARE OR THE USE OR OTHER DEALINGS IN THE    |
  ~ | SOFTWARE.                                                           |
  ~ +---------------------------------------------------------------------+
  -->

<coverage generated="%i">
  <project timestamp="%i">
    <file name="%s%esource_with_ignore.php">
      <class name="Foo" namespace="global">
        <metrics complexity="1" methods="0" coveredmethods="0" conditionals="0" coveredconditionals="0" statements="0" coveredstatements="0" elements="0" coveredelements="0"/>
      </class>
      <class name="Bar" namespace="global">
        <metrics complexity="1" methods="0" coveredmethods="0" conditionals="0" coveredconditionals="0" statements="0" coveredstatements="0" elements="0" coveredelements="0"/>
      </class>
      <line num="2" type="stmt" count="1"/>
      <line num="6" type="stmt" count="0"/>
      <metrics loc="37" ncloc="25" classes="0" methods="0" coveredmethods="0" conditionals="0" coveredconditionals="0" statements="2" coveredstatements="1" elements="2" coveredelements="1"/>
    </file>
    <metrics files="1" loc="37" ncloc="25" classes="0" methods="0" coveredmethods="0" conditionals="0" coveredconditionals="0" statements="2" coveredstatements="1" elements="2" coveredelements="1"/>
  </project>
</coverage>
